Build started 10/23/2016 2:28:02 AM.
     1>Project "C:\Users\Andrew\Desktop\ActuallyGraphicsHW2\ActuallyGraphicsHW2\ActuallyGraphicsHW2.vcxproj" on node 2 (Build target(s)).
     1>ClCompile:
         D:\Visual Studio\VC\bin\CL.exe /c /IC:/freeglut/include /IC:/glew/include /ZI /nologo /W3 /WX- /sdl /Od /Oy- /D WIN32 /D _DEBUG /D _CONSOLE /D _LIB /D _UNICODE /D UNICODE /Gm /EHsc /RTC1 /MDd /GS /fp:precise /Zc:wchar_t /Zc:forScope /Fo"Debug\\" /Fd"Debug\vc120.pdb" /Gd /TP /analyze- /errorReport:prompt main.cpp
         main.cpp
     1>c:\users\andrew\desktop\actuallygraphicshw2\actuallygraphicshw2\main.cpp(126): warning C4244: 'initializing' : conversion from 'double' to 'float', possible loss of data
     1>c:\users\andrew\desktop\actuallygraphicshw2\actuallygraphicshw2\geometrymaker.h(40): warning C4244: 'initializing' : conversion from 'double' to 'float', possible loss of data
                 c:\users\andrew\desktop\actuallygraphicshw2\actuallygraphicshw2\main.cpp(196) : see reference to function template instantiation 'void makePlane<std::_Vector_iterator<std::_Vector_val<std::_Simple_types<VertexPN>>>,std::_Vector_iterator<std::_Vector_val<std::_Simple_types<unsigned short>>>>(float,VtxOutIter,IdxOutIter)' being compiled
                 with
                 [
                     VtxOutIter=std::_Vector_iterator<std::_Vector_val<std::_Simple_types<VertexPN>>>
         ,            IdxOutIter=std::_Vector_iterator<std::_Vector_val<std::_Simple_types<unsigned short>>>
                 ]
     1>c:\users\andrew\desktop\actuallygraphicshw2\actuallygraphicshw2\geometrymaker.h(60): warning C4244: 'initializing' : conversion from 'double' to 'float', possible loss of data
                 c:\users\andrew\desktop\actuallygraphicshw2\actuallygraphicshw2\main.cpp(215) : see reference to function template instantiation 'void makeCube<std::_Vector_iterator<std::_Vector_val<std::_Simple_types<VertexPN>>>,std::_Vector_iterator<std::_Vector_val<std::_Simple_types<unsigned short>>>>(float,VtxOutIter,IdxOutIter)' being compiled
                 with
                 [
                     VtxOutIter=std::_Vector_iterator<std::_Vector_val<std::_Simple_types<VertexPN>>>
         ,            IdxOutIter=std::_Vector_iterator<std::_Vector_val<std::_Simple_types<unsigned short>>>
                 ]
       Link:
         D:\Visual Studio\VC\bin\link.exe /ERRORREPORT:PROMPT /OUT:"C:\Users\Andrew\Desktop\ActuallyGraphicsHW2\Debug\ActuallyGraphicsHW2.exe" /INCREMENTAL /NOLOGO /LIBPATH:C:/freeglut/lib /LIBPATH:C:/glew/lib/Release/Win32 freeglut.lib glew32.lib kernel32.lib user32.lib gdi32.lib winspool.lib comdlg32.lib advapi32.lib shell32.lib ole32.lib oleaut32.lib uuid.lib odbc32.lib odbccp32.lib kernel32.lib user32.lib gdi32.lib winspool.lib comdlg32.lib advapi32.lib shell32.lib ole32.lib oleaut32.lib uuid.lib odbc32.lib odbccp32.lib /MANIFEST /MANIFESTUAC:"level='asInvoker' uiAccess='false'" /manifest:embed /DEBUG /PDB:"C:\Users\Andrew\Desktop\ActuallyGraphicsHW2\Debug\ActuallyGraphicsHW2.pdb" /SUBSYSTEM:CONSOLE /TLBID:1 /DYNAMICBASE /NXCOMPAT /IMPLIB:"C:\Users\Andrew\Desktop\ActuallyGraphicsHW2\Debug\ActuallyGraphicsHW2.lib" /MACHINE:X86 Debug\glsupport.obj
         Debug\main.obj
         ActuallyGraphicsHW2.vcxproj -> C:\Users\Andrew\Desktop\ActuallyGraphicsHW2\Debug\ActuallyGraphicsHW2.exe
     1>Done Building Project "C:\Users\Andrew\Desktop\ActuallyGraphicsHW2\ActuallyGraphicsHW2\ActuallyGraphicsHW2.vcxproj" (Build target(s)).

Build succeeded.

Time Elapsed 00:00:00.72
